0 info it worked if it ends with ok
1 verbose cli [ 'node', '/usr/local/bin/npm', 'version', 'patch' ]
2 info using npm@2.12.1
3 info using node@v0.12.7
4 verbose node symlink /usr/local/bin/node
5 info preversion angularfire-resource@0.0.1
6 info git [ 'status', '--porcelain' ]
7 verbose version.write data { name: 'angularfire-resource',
7 verbose version.write   version: '0.0.1',
7 verbose version.write   description: 'Resource factory built on top of AngularFire',
7 verbose version.write   main: './dist/angularfire-resource.js',
7 verbose version.write   scripts:
7 verbose version.write    { doc: 'git checkout gh-pages && git merge master -X theirs && codo src/ && git add --all && git commit -a -m \'doc\' && git push origin gh-pages && git checkout master',
7 verbose version.write      version: 'gulp coffee',
7 verbose version.write      postversion: 'git push && git push --tags' },
7 verbose version.write   author: 'nicolas.papon@gmail.com',
7 verbose version.write   license: 'ISC',
7 verbose version.write   devDependencies:
7 verbose version.write    { 'firebase-server': '^0.3.1',
7 verbose version.write      gulp: '^3.9.0',
7 verbose version.write      'gulp-coffee': '^2.3.1',
7 verbose version.write      'gulp-concat': '^2.6.0',
7 verbose version.write      'gulp-filter': '^3.0.1',
7 verbose version.write      'gulp-livereload': '^3.8.0',
7 verbose version.write      'gulp-nodemon': '^2.0.4',
7 verbose version.write      'gulp-order': '^1.1.1',
7 verbose version.write      'gulp-rename': '^1.2.2',
7 verbose version.write      'gulp-sourcemaps': '^1.5.2',
7 verbose version.write      'gulp-uglify': '^1.4.0',
7 verbose version.write      'gulp-util': '^3.0.6',
7 verbose version.write      http: '0.0.0',
7 verbose version.write      lodash: '^3.10.1',
7 verbose version.write      parseurl: '^1.3.0',
7 verbose version.write      st: '^0.5.5',
7 verbose version.write      'gulp-connect': '^2.2.0',
7 verbose version.write      'cookie-signature': '^1.0.6' },
7 verbose version.write   directories: { lib: 'dist' },
7 verbose version.write   repository:
7 verbose version.write    { type: 'git',
7 verbose version.write      url: 'git+https://github.com/itkin/angularfire-resource.git' },
7 verbose version.write   keywords: [ 'angular', 'firebase', 'angularfire', 'resource', 'model' ],
7 verbose version.write   bugs: { url: 'https://github.com/itkin/angularfire-resource/issues' },
7 verbose version.write   homepage: 'https://github.com/itkin/angularfire-resource#readme',
7 verbose version.write   dependencies: { angularfire: '1.1.x' } } to package.json
8 info git [ 'add', 'package.json' ]
9 info git [ 'commit', '-m', '0.0.1' ]
10 info git [ 'tag', 'v0.0.1', '-am', '0.0.1' ]
11 info version angularfire-resource@0.0.1
12 verbose unsafe-perm in lifecycle true
13 info postversion angularfire-resource@0.0.1
14 verbose unsafe-perm in lifecycle true
15 info angularfire-resource@0.0.1 Failed to exec postversion script
16 verbose stack Error: angularfire-resource@0.0.1 postversion: `git push && git push --tags`
16 verbose stack Exit status 128
16 verbose stack     at EventEmitter.<anonymous> (/usr/local/lib/node_modules/npm/lib/utils/lifecycle.js:213:16)
16 verbose stack     at EventEmitter.emit (events.js:110:17)
16 verbose stack     at ChildProcess.<anonymous> (/usr/local/lib/node_modules/npm/lib/utils/spawn.js:24:14)
16 verbose stack     at ChildProcess.emit (events.js:110:17)
16 verbose stack     at maybeClose (child_process.js:1015:16)
16 verbose stack     at Process.ChildProcess._handle.onexit (child_process.js:1087:5)
17 verbose pkgid angularfire-resource@0.0.1
18 verbose cwd /Users/nicolas/web/angularfire-resource
19 error Darwin 14.4.0
20 error argv "node" "/usr/local/bin/npm" "version" "patch"
21 error node v0.12.7
22 error npm  v2.12.1
23 error code ELIFECYCLE
24 error angularfire-resource@0.0.1 postversion: `git push && git push --tags`
24 error Exit status 128
25 error Failed at the angularfire-resource@0.0.1 postversion script 'git push && git push --tags'.
25 error This is most likely a problem with the angularfire-resource package,
25 error not with npm itself.
25 error Tell the author that this fails on your system:
25 error     git push && git push --tags
25 error You can get their info via:
25 error     npm owner ls angularfire-resource
25 error There is likely additional logging output above.
26 verbose exit [ 1, true ]
